app/build/intermediates/manifest_merge_blame_file/debug/manifest-merger-blame-debug-report.txt
1<?xml version="1.0" encoding="utf-8"?>
2<manifest xmlns:android="http://schemas.android.com/apk/res/android"
3    package="com.example.alarm"
4    android:versionCode="1"
5    android:versionName="1.0" >
6
7    <uses-sdk
8        android:minSdkVersion="21"
8-->src/main/AndroidManifest.xml
9        android:targetSdkVersion="32" />
9-->src/main/AndroidManifest.xml
10
11    <uses-permission android:name="android.permission.VIBRATE" />
11-->src/main/AndroidManifest.xml:5:5-66
11-->src/main/AndroidManifest.xml:5:22-63
12    <uses-permission android:name="android.permission.WAKE_LOCK" />
12-->src/main/AndroidManifest.xml:6:5-68
12-->src/main/AndroidManifest.xml:6:22-65
13
14    <application
14-->src/main/AndroidManifest.xml:8:5-36:19
15        android:allowBackup="true"
15-->src/main/AndroidManifest.xml:9:9-35
16        android:appComponentFactory="androidx.core.app.CoreComponentFactory"
16-->[androidx.core:core:1.8.0] AndroidManifest.xml:24:18-86
17        android:dataExtractionRules="@xml/data_extraction_rules"
17-->src/main/AndroidManifest.xml:10:9-65
18        android:debuggable="true"
19        android:fullBackupContent="@xml/backup_rules"
19-->src/main/AndroidManifest.xml:11:9-54
20        android:icon="@mipmap/ic_launcher"
20-->src/main/AndroidManifest.xml:12:9-43
21        android:label="@string/app_name"
21-->src/main/AndroidManifest.xml:13:9-41
22        android:roundIcon="@mipmap/ic_launcher_round"
22-->src/main/AndroidManifest.xml:14:9-54
23        android:supportsRtl="true"
23-->src/main/AndroidManifest.xml:15:9-35
24        android:testOnly="true"
25        android:theme="@style/Theme.Alarm" >
25-->src/main/AndroidManifest.xml:16:9-43
26        <activity
26-->src/main/AndroidManifest.xml:18:9-24:20
27            android:name="com.example.alarm.Pomodoro2"
27-->src/main/AndroidManifest.xml:19:13-38
28            android:exported="false" >
28-->src/main/AndroidManifest.xml:20:13-37
29            <meta-data
29-->src/main/AndroidManifest.xml:21:13-23:36
30                android:name="android.app.lib_name"
30-->src/main/AndroidManifest.xml:22:17-52
31                android:value="" />
31-->src/main/AndroidManifest.xml:23:17-33
32        </activity>
33        <activity
33-->src/main/AndroidManifest.xml:25:9-33:20
34            android:name="com.example.alarm.MainActivity"
34-->src/main/AndroidManifest.xml:26:13-41
35            android:exported="true" >
35-->src/main/AndroidManifest.xml:27:13-36
36            <intent-filter>
36-->src/main/AndroidManifest.xml:28:13-32:29
37                <action android:name="android.intent.action.MAIN" />
37-->src/main/AndroidManifest.xml:29:17-69
37-->src/main/AndroidManifest.xml:29:25-66
38
39                <category android:name="android.intent.category.LAUNCHER" />
39-->src/main/AndroidManifest.xml:31:17-77
39-->src/main/AndroidManifest.xml:31:27-74
40            </intent-filter>
41        </activity>
42
43        <receiver android:name="com.example.alarm.AlarmReceiver" />
43-->src/main/AndroidManifest.xml:35:9-51
43-->src/main/AndroidManifest.xml:35:19-48
44
45        <provider
45-->[androidx.emoji2:emoji2:1.2.0] AndroidManifest.xml:24:9-32:20
46            android:name="androidx.startup.InitializationProvider"
46-->[androidx.emoji2:emoji2:1.2.0] AndroidManifest.xml:25:13-67
47            android:authorities="com.example.alarm.androidx-startup"
47-->[androidx.emoji2:emoji2:1.2.0] AndroidManifest.xml:26:13-68
48            android:exported="false" >
48-->[androidx.emoji2:emoji2:1.2.0] AndroidManifest.xml:27:13-37
49            <meta-data
49-->[androidx.emoji2:emoji2:1.2.0] AndroidManifest.xml:29:13-31:52
50                android:name="androidx.emoji2.text.EmojiCompatInitializer"
50-->[androidx.emoji2:emoji2:1.2.0] AndroidManifest.xml:30:17-75
51                android:value="androidx.startup" />
51-->[androidx.emoji2:emoji2:1.2.0] AndroidManifest.xml:31:17-49
52            <meta-data
52-->[androidx.lifecycle:lifecycle-process:2.4.1] AndroidManifest.xml:31:13-33:52
53                android:name="androidx.lifecycle.ProcessLifecycleInitializer"
53-->[androidx.lifecycle:lifecycle-process:2.4.1] AndroidManifest.xml:32:17-78
54                android:value="androidx.startup" />
54-->[androidx.lifecycle:lifecycle-process:2.4.1] AndroidManifest.xml:33:17-49
55        </provider>
56    </application>
57
58</manifest>